<?xml version="1.0" encoding="UTF-8"?>
<!-- Generated by org.testng.reporters.JUnitReportReporter -->
<testsuite hostname="GLENVWL-2MJMMX1" name="dayly_check.PSHomePage" tests="3" failures="0" timestamp="25 Apr 2017 19:55:42 GMT" time="14.286" errors="0">
  <testcase name="acorn3" time="4.574" classname="dayly_check.PSHomePage"/>
  <testcase name="acorn2" time="5.330" classname="dayly_check.PSHomePage"/>
  <testcase name="acorn1" time="4.382" classname="dayly_check.PSHomePage"/>
</testsuite> <!-- dayly_check.PSHomePage -->
