<?xml version="1.0" encoding="UTF-8"?>
<!-- Generated by org.testng.reporters.JUnitReportReporter -->
<testsuite hostname="GLENVWL-2MJMMX1" name="dayly_check.Cart" tests="3" failures="0" timestamp="25 Apr 2017 19:55:42 GMT" time="9.039" errors="0">
  <testcase name="acorn1" time="2.953" classname="dayly_check.Cart"/>
  <testcase name="acorn3" time="2.963" classname="dayly_check.Cart"/>
  <testcase name="acorn2" time="3.123" classname="dayly_check.Cart"/>
</testsuite> <!-- dayly_check.Cart -->
