<?xml version="1.0" encoding="UTF-8"?>
<!-- Generated by org.testng.reporters.JUnitReportReporter -->
<testsuite hostname="GLENVWL-2MJMMX1" name="dayly_check.Search" tests="3" failures="0" timestamp="25 Apr 2017 19:55:42 GMT" time="18.225" errors="0">
  <testcase name="acorn1" time="6.008" classname="dayly_check.Search"/>
  <testcase name="acorn3" time="6.208" classname="dayly_check.Search"/>
  <testcase name="acorn2" time="6.009" classname="dayly_check.Search"/>
</testsuite> <!-- dayly_check.Search -->
