<?xml version="1.0" encoding="UTF-8"?>
<!-- Generated by org.testng.reporters.JUnitReportReporter -->
<testsuite hostname="GLENVWL-2MJMMX1" name="jenkin1.DemoJenkings" tests="1" failures="0" timestamp="20 Dec 2016 18:39:56 GMT" time="4.286" errors="0">
  <testcase name="testJ" time="4.286" classname="jenkin1.DemoJenkings"/>
</testsuite> <!-- jenkin1.DemoJenkings -->
