<?xml version="1.0" encoding="UTF-8"?>
<!-- Generated by org.testng.reporters.JUnitReportReporter -->
<testsuite name="jenkin1.DemoJenkings" tests="1" time="4.181" ignored="0" failures="0" timestamp="20 Dec 2016 19:21:36 GMT" skipped="0" hostname="GLENVWL-2MJMMX1" errors="0">
  <testcase name="testJ" time="4.181" classname="jenkin1.DemoJenkings"/>
</testsuite> <!-- jenkin1.DemoJenkings -->
